<?xml version="1.0" encoding="UTF-8"?>
<!-- Generated by org.testng.reporters.JUnitXMLReporter -->
<testsuite hostname="DESKTOP-RN62EUK" ignored="0" name="Test" tests="6" failures="1" timestamp="29 Jul 2019 22:25:43 GMT" time="0.087" errors="0">
  <testcase name="gh" time="0.016" classname="failtestcases.Test1">
    <skipped/>
  </testcase> <!-- gh -->
  <testcase name="gh" time="0.003" classname="failtestcases.Test1">
    <skipped/>
  </testcase> <!-- gh -->
  <testcase name="gh" time="0.002" classname="failtestcases.Test1">
    <skipped/>
  </testcase> <!-- gh -->
  <testcase name="gh" time="0.003" classname="failtestcases.Test1">
    <failure type="java.lang.AssertionError" message="expected [true] but found [false]">
      <![CDATA[java.lang.AssertionError: expected [true] but found [false]
at failtestcases.Test1.gh(Test1.java:11)
... Removed 29 stack frames]]>
    </failure>
  </testcase> <!-- gh -->
  <testcase name="Tw" time="0.001" classname="failtestcases.Test2"/>
  <testcase name="Fb" time="0.001" classname="failtestcases.Test3"/>
</testsuite> <!-- Test -->
